Flutter crash report.
Please report a bug at https://github.com/flutter/flutter/issues.

## command

flutter --quiet assemble --no-version-check --depfile C:\flutter_application_1\build\app\intermediates\flutter\release/flutter_build.d --output C:\flutter_application_1\build\app\intermediates\flutter\release -dTargetFile=lib\main.dart -dTargetPlatform=android -dBuildMode=release -dTrackWidgetCreation=true -dTreeShakeIcons=true --DartDefines=RkxVVFRFUl9WRVJTSU9OPTMuNDQuMg==,RkxVVFRFUl9DSEFOTkVMPXN0YWJsZQ==,RkxVVFRFUl9HSVRfVVJMPWh0dHBzOi8vZ2l0aHViLmNvbS9mbHV0dGVyL2ZsdXR0ZXIuZ2l0,RkxVVFRFUl9GUkFNRVdPUktfUkVWSVNJT049YzlhNmM0ODQyMw==,RkxVVFRFUl9FTkdJTkVfUkVWSVNJT049NzdlMmU5NDc3Mg==,RkxVVFRFUl9EQVJUX1ZFUlNJT049My4xMi4y -dFlavor= -dAndroidArchs=android-arm android-arm64 android-x64 -dMinSdkVersion=26 android_aot_bundle_release_android-arm android_aot_bundle_release_android-arm64 android_aot_bundle_release_android-x64

## exception

FileSystemException: FileSystemException: Cannot resolve symbolic links, path = 'C:\flutter_application_1\build\app\intermediates\flutter\release' (OS Error: Le chemin d’accès spécifié est introuvable, errno = 3)

```
#0      FileSystemEntity._throwIfError (dart:io/file_system_entity.dart:889:7)
#1      FileSystemEntity.resolveSymbolicLinksSync (dart:io/file_system_entity.dart:375:5)
#2      ForwardingFileSystemEntity.resolveSymbolicLinksSync (package:file/src/forwarding/forwarding_file_system_entity.dart:56:49)
#3      ForwardingFileSystemEntity.resolveSymbolicLinksSync (package:file/src/forwarding/forwarding_file_system_entity.dart:56:49)
#4      SourceVisitor.visitPattern (package:flutter_tools/src/build_system/source.dart:123:63)
#5      _PatternSource.accept (package:flutter_tools/src/build_system/source.dart:295:49)
#6      Target._resolveConfiguration (package:flutter_tools/src/build_system/build_system.dart:257:14)
#7      Target.resolveOutputs (package:flutter_tools/src/build_system/build_system.dart:214:12)
#8      Target._toNode (package:flutter_tools/src/build_system/build_system.dart:171:39)
#9      Target._toNode (package:flutter_tools/src/build_system/build_system.dart:176:63)
#10     FlutterBuildSystem.build (package:flutter_tools/src/build_system/build_system.dart:672:30)
#11     AssembleCommand.runCommand (package:flutter_tools/src/commands/assemble.dart:369:51)
#12     FlutterCommand.verifyThenRunCommand (package:flutter_tools/src/runner/flutter_command.dart:1978:12)
<asynchronous suspension>
#13     FlutterCommand.run.<anonymous closure> (package:flutter_tools/src/runner/flutter_command.dart:1630:27)
<asynchronous suspension>
#14     AppContext.run.<anonymous closure> (package:flutter_tools/src/base/context.dart:154:19)
<asynchronous suspension>
#15     CommandRunner.runCommand (package:args/command_runner.dart:212:13)
<asynchronous suspension>
#16     FlutterCommandRunner.runCommand.<anonymous closure> (package:flutter_tools/src/runner/flutter_command_runner.dart:496:9)
<asynchronous suspension>
#17     AppContext.run.<anonymous closure> (package:flutter_tools/src/base/context.dart:154:19)
<asynchronous suspension>
#18     FlutterCommandRunner.runCommand (package:flutter_tools/src/runner/flutter_command_runner.dart:431:5)
<asynchronous suspension>
#19     FlutterCommandRunner.run.<anonymous closure> (package:flutter_tools/src/runner/flutter_command_runner.dart:307:33)
<asynchronous suspension>
#20     run.<anonymous closure>.<anonymous closure> (package:flutter_tools/runner.dart:104:11)
<asynchronous suspension>
#21     AppContext.run.<anonymous closure> (package:flutter_tools/src/base/context.dart:154:19)
<asynchronous suspension>
#22     main (package:flutter_tools/executable.dart:103:3)
<asynchronous suspension>
```

## flutter doctor

```
[✓] Flutter (Channel stable, 3.44.2, on Microsoft Windows [version 10.0.22631.6199], locale fr-DZ) [4,5s]
    • Flutter version 3.44.2 on channel stable at C:\flutter
    • Upstream repository https://github.com/flutter/flutter.git
    • Framework revision c9a6c48423 (5 weeks ago), 2026-06-10 15:52:41 -0700
    • Engine revision 77e2e94772
    • Dart version 3.12.2
    • DevTools version 2.57.0
    • Feature flags: enable-web, enable-linux-desktop, enable-macos-desktop, enable-windows-desktop, enable-android, enable-ios, cli-animations, enable-native-assets, enable-swift-package-manager, omit-legacy-version-file, enable-lldb-debugging, enable-uiscene-migration

[✓] Windows Version (11 Professionnel 64-bit, 23H2, 2009) [37,8s]

[✓] Android toolchain - develop for Android devices (Android SDK version 36.1.0) [36,9s]
    • Android SDK at C:\Users\Bar_ka\AppData\Local\Android\sdk
    • Emulator version unknown
    • Platform android-36, build-tools 36.1.0
    • Java binary at: C:\Program Files\Android\Android Studio\jbr\bin\java
      This is the JDK bundled with the latest Android Studio installation on this machine.
      To manually set the JDK path, use: `flutter config --jdk-dir="path/to/jdk"`.
    • Java version OpenJDK Runtime Environment (build 21.0.10+-14961533-b1163.108)
    • All Android licenses accepted.

[✓] Chrome - develop for the web [4,2s]
    • Chrome at C:\Program Files\Google\Chrome\Application\chrome.exe

[✓] Visual Studio - develop Windows apps (Visual Studio Professional 2026 Insiders [11912.234]) [4,2s]
    • Visual Studio at C:\Program Files\Microsoft Visual Studio\18\Insiders
    • Visual Studio Professional 2026 version 18.8.11912.234
    • The current Visual Studio installation is a pre-release version. It may not be supported by Flutter yet.
    • Windows 10 SDK version 10.0.26100.0

[✓] Connected device (3 available) [8,8s]
    • Windows (desktop) • windows • windows-x64    • Microsoft Windows [version 10.0.22631.6199]
    • Chrome (web)      • chrome  • web-javascript • Google Chrome 150.0.7871.102
    • Edge (web)        • edge    • web-javascript • Microsoft Edge 150.0.4078.65

[✓] Network resources [2,8s]
    • All expected network resources are available.

• No issues found!
```
